<?xml version="1.0" encoding="UTF-8"?>
<robot generator="Robot 6.0.2 (Python 3.9.13 on win32)" generated="20230331 01:37:01.841" rpa="false" schemaversion="3">
<suite id="s1" name="Register" source="C:\xampp\htdocs\shopdee\robotframework\register.robot">
<kw name="Open Browser" library="SeleniumLibrary" type="SETUP">
<arg>${URL}</arg>
<arg>${BROWSER}</arg>
<doc>Opens a new browser instance to the optional ``url``.</doc>
<msg timestamp="20230331 01:37:02.152" level="INFO">Opening browser 'chrome' to base url 'http://127.0.0.1:8000/admin/customer'.</msg>
<status status="PASS" starttime="20230331 01:37:02.151" endtime="20230331 01:37:04.516"/>
</kw>
<test id="s1-t1" name="Valid Register" line="13">
<kw name="Maximize Browser Window" library="SeleniumLibrary">
<doc>Maximizes current browser window.</doc>
<status status="PASS" starttime="20230331 01:37:04.517" endtime="20230331 01:37:04.636"/>
</kw>
<kw name="Click Link" library="SeleniumLibrary">
<arg>id=btnCreate</arg>
<doc>Clicks a link identified by ``locator``.</doc>
<msg timestamp="20230331 01:37:04.641" level="INFO">Clicking link 'id=btnCreate'.</msg>
<status status="PASS" starttime="20230331 01:37:04.638" endtime="20230331 01:37:05.392"/>
</kw>
<kw name="Input Text" library="SeleniumLibrary">
<arg>id=firstName</arg>
<arg>วิชัย</arg>
<doc>Types the given ``text`` into the text field identified by ``locator``.</doc>
<msg timestamp="20230331 01:37:05.394" level="INFO">Typing text 'วิชัย' into text field 'id=firstName'.</msg>
<status status="PASS" starttime="20230331 01:37:05.393" endtime="20230331 01:37:05.484"/>
</kw>
<kw name="Input Text" library="SeleniumLibrary">
<arg>id=lastName</arg>
<arg>ใจซื่อ</arg>
<doc>Types the given ``text`` into the text field identified by ``locator``.</doc>
<msg timestamp="20230331 01:37:05.486" level="INFO">Typing text 'ใจซื่อ' into text field 'id=lastName'.</msg>
<status status="PASS" starttime="20230331 01:37:05.485" endtime="20230331 01:37:05.567"/>
</kw>
<kw name="Input Text" library="SeleniumLibrary">
<arg>id=username</arg>
<arg>wichai5</arg>
<doc>Types the given ``text`` into the text field identified by ``locator``.</doc>
<msg timestamp="20230331 01:37:05.568" level="INFO">Typing text 'wichai5' into text field 'id=username'.</msg>
<status status="PASS" starttime="20230331 01:37:05.568" endtime="20230331 01:37:05.647"/>
</kw>
<kw name="Input Text" library="SeleniumLibrary">
<arg>id=password</arg>
<arg>12345</arg>
<doc>Types the given ``text`` into the text field identified by ``locator``.</doc>
<msg timestamp="20230331 01:37:05.648" level="INFO">Typing text '12345' into text field 'id=password'.</msg>
<status status="PASS" starttime="20230331 01:37:05.647" endtime="20230331 01:37:05.728"/>
</kw>
<kw name="Click Button" library="SeleniumLibrary">
<arg>id=submit</arg>
<doc>Clicks the button identified by ``locator``.</doc>
<msg timestamp="20230331 01:37:05.729" level="INFO">Clicking button 'id=submit'.</msg>
<status status="PASS" starttime="20230331 01:37:05.729" endtime="20230331 01:37:06.666"/>
</kw>
<kw name="Wait Until Element Is Visible" library="SeleniumLibrary">
<arg>xpath=/html/body/div[2]/div/div[6]/button[1]</arg>
<doc>Waits until the element ``locator`` is visible.</doc>
<status status="PASS" starttime="20230331 01:37:06.667" endtime="20230331 01:37:06.695"/>
</kw>
<kw name="Click Button" library="SeleniumLibrary">
<arg>xpath=/html/body/div[2]/div/div[6]/button[1]</arg>
<doc>Clicks the button identified by ``locator``.</doc>
<msg timestamp="20230331 01:37:06.696" level="INFO">Clicking button 'xpath=/html/body/div[2]/div/div[6]/button[1]'.</msg>
<status status="PASS" starttime="20230331 01:37:06.695" endtime="20230331 01:37:06.749"/>
</kw>
<doc>All required fields are completed.</doc>
<tag>register</tag>
<tag>smoke</tag>
<status status="PASS" starttime="20230331 01:37:04.516" endtime="20230331 01:37:06.750"/>
</test>
<test id="s1-t2" name="Invalid Register with Some Blank Feilds" line="26">
<kw name="Sleep" library="BuiltIn">
<arg>2s</arg>
<doc>Pauses the test executed for the given time.</doc>
<msg timestamp="20230331 01:37:08.755" level="INFO">Slept 2 seconds</msg>
<status status="PASS" starttime="20230331 01:37:06.751" endtime="20230331 01:37:08.755"/>
</kw>
<kw name="Click Link" library="SeleniumLibrary">
<arg>id=btnCreate</arg>
<doc>Clicks a link identified by ``locator``.</doc>
<msg timestamp="20230331 01:37:08.755" level="INFO">Clicking link 'id=btnCreate'.</msg>
<status status="PASS" starttime="20230331 01:37:08.755" endtime="20230331 01:37:09.483"/>
</kw>
<kw name="Input Text" library="SeleniumLibrary">
<arg>id=firstName</arg>
<arg>${EMPTY}</arg>
<doc>Types the given ``text`` into the text field identified by ``locator``.</doc>
<msg timestamp="20230331 01:37:09.485" level="INFO">Typing text '' into text field 'id=firstName'.</msg>
<status status="PASS" starttime="20230331 01:37:09.483" endtime="20230331 01:37:09.562"/>
</kw>
<kw name="Input Text" library="SeleniumLibrary">
<arg>id=lastName</arg>
<arg>${EMPTY}</arg>
<doc>Types the given ``text`` into the text field identified by ``locator``.</doc>
<msg timestamp="20230331 01:37:09.563" level="INFO">Typing text '' into text field 'id=lastName'.</msg>
<status status="PASS" starttime="20230331 01:37:09.562" endtime="20230331 01:37:09.638"/>
</kw>
<kw name="Input Text" library="SeleniumLibrary">
<arg>id=username</arg>
<arg>${EMPTY}</arg>
<doc>Types the given ``text`` into the text field identified by ``locator``.</doc>
<msg timestamp="20230331 01:37:09.640" level="INFO">Typing text '' into text field 'id=username'.</msg>
<status status="PASS" starttime="20230331 01:37:09.639" endtime="20230331 01:37:09.709"/>
</kw>
<kw name="Input Text" library="SeleniumLibrary">
<arg>id=password</arg>
<arg>${EMPTY}</arg>
<doc>Types the given ``text`` into the text field identified by ``locator``.</doc>
<msg timestamp="20230331 01:37:09.710" level="INFO">Typing text '' into text field 'id=password'.</msg>
<status status="PASS" starttime="20230331 01:37:09.709" endtime="20230331 01:37:09.785"/>
</kw>
<kw name="Click Button" library="SeleniumLibrary">
<arg>id=submit</arg>
<doc>Clicks the button identified by ``locator``.</doc>
<msg timestamp="20230331 01:37:09.786" level="INFO">Clicking button 'id=submit'.</msg>
<status status="PASS" starttime="20230331 01:37:09.785" endtime="20230331 01:37:10.696"/>
</kw>
<kw name="Wait Until Element Is Visible" library="SeleniumLibrary">
<arg>xpath=/html/body/div[1]/div/div/form/div[1]/div</arg>
<doc>Waits until the element ``locator`` is visible.</doc>
<status status="PASS" starttime="20230331 01:37:10.697" endtime="20230331 01:37:10.726"/>
</kw>
<kw name="Wait Until Page Contains" library="SeleniumLibrary">
<arg>กรุณาระบุชื่อ</arg>
<doc>Waits until ``text`` appears on the current page.</doc>
<status status="PASS" starttime="20230331 01:37:10.727" endtime="20230331 01:37:10.738"/>
</kw>
<kw name="Wait Until Element Is Visible" library="SeleniumLibrary">
<arg>xpath=/html/body/div[1]/div/div/form/div[2]/div</arg>
<doc>Waits until the element ``locator`` is visible.</doc>
<status status="PASS" starttime="20230331 01:37:10.739" endtime="20230331 01:37:10.758"/>
</kw>
<kw name="Wait Until Page Contains" library="SeleniumLibrary">
<arg>กรุณาระบุนามสกุล</arg>
<doc>Waits until ``text`` appears on the current page.</doc>
<status status="PASS" starttime="20230331 01:37:10.759" endtime="20230331 01:37:10.772"/>
</kw>
<kw name="Wait Until Element Is Visible" library="SeleniumLibrary">
<arg>xpath=/html/body/div[1]/div/div/form/div[3]/div</arg>
<doc>Waits until the element ``locator`` is visible.</doc>
<status status="PASS" starttime="20230331 01:37:10.772" endtime="20230331 01:37:10.791"/>
</kw>
<kw name="Wait Until Page Contains" library="SeleniumLibrary">
<arg>กรุณาระบุชื่อผู้ใช้</arg>
<doc>Waits until ``text`` appears on the current page.</doc>
<status status="PASS" starttime="20230331 01:37:10.792" endtime="20230331 01:37:10.805"/>
</kw>
<kw name="Wait Until Element Is Visible" library="SeleniumLibrary">
<arg>xpath=/html/body/div[1]/div/div/form/div[4]/div</arg>
<doc>Waits until the element ``locator`` is visible.</doc>
<status status="PASS" starttime="20230331 01:37:10.805" endtime="20230331 01:37:10.826"/>
</kw>
<kw name="Wait Until Page Contains" library="SeleniumLibrary">
<arg>กรุณาระบุรหัผ่าน</arg>
<doc>Waits until ``text`` appears on the current page.</doc>
<status status="PASS" starttime="20230331 01:37:10.826" endtime="20230331 01:37:10.841"/>
</kw>
<doc>Some required fields are not completed.</doc>
<tag>register</tag>
<status status="PASS" starttime="20230331 01:37:06.751" endtime="20230331 01:37:10.841"/>
</test>
<test id="s1-t3" name="Invalid Register with Existing Username" line="45">
<kw name="Sleep" library="BuiltIn">
<arg>2s</arg>
<doc>Pauses the test executed for the given time.</doc>
<msg timestamp="20230331 01:37:12.845" level="INFO">Slept 2 seconds</msg>
<status status="PASS" starttime="20230331 01:37:10.843" endtime="20230331 01:37:12.845"/>
</kw>
<kw name="Input Text" library="SeleniumLibrary">
<arg>id=firstName</arg>
<arg>วิชัย</arg>
<doc>Types the given ``text`` into the text field identified by ``locator``.</doc>
<msg timestamp="20230331 01:37:12.846" level="INFO">Typing text 'วิชัย' into text field 'id=firstName'.</msg>
<status status="PASS" starttime="20230331 01:37:12.845" endtime="20230331 01:37:12.925"/>
</kw>
<kw name="Input Text" library="SeleniumLibrary">
<arg>id=lastName</arg>
<arg>ใจซื่อ</arg>
<doc>Types the given ``text`` into the text field identified by ``locator``.</doc>
<msg timestamp="20230331 01:37:12.927" level="INFO">Typing text 'ใจซื่อ' into text field 'id=lastName'.</msg>
<status status="PASS" starttime="20230331 01:37:12.926" endtime="20230331 01:37:13.005"/>
</kw>
<kw name="Input Text" library="SeleniumLibrary">
<arg>id=username</arg>
<arg>wichai5</arg>
<doc>Types the given ``text`` into the text field identified by ``locator``.</doc>
<msg timestamp="20230331 01:37:13.006" level="INFO">Typing text 'wichai5' into text field 'id=username'.</msg>
<status status="PASS" starttime="20230331 01:37:13.006" endtime="20230331 01:37:13.089"/>
</kw>
<kw name="Input Text" library="SeleniumLibrary">
<arg>id=password</arg>
<arg>12345</arg>
<doc>Types the given ``text`` into the text field identified by ``locator``.</doc>
<msg timestamp="20230331 01:37:13.090" level="INFO">Typing text '12345' into text field 'id=password'.</msg>
<status status="PASS" starttime="20230331 01:37:13.089" endtime="20230331 01:37:13.171"/>
</kw>
<kw name="Click Button" library="SeleniumLibrary">
<arg>id=submit</arg>
<doc>Clicks the button identified by ``locator``.</doc>
<msg timestamp="20230331 01:37:13.173" level="INFO">Clicking button 'id=submit'.</msg>
<status status="PASS" starttime="20230331 01:37:13.172" endtime="20230331 01:37:14.027"/>
</kw>
<kw name="Wait Until Element Is Visible" library="SeleniumLibrary">
<arg>xpath=/html/body/div[1]/div/div/form/div[3]/div</arg>
<doc>Waits until the element ``locator`` is visible.</doc>
<status status="PASS" starttime="20230331 01:37:14.028" endtime="20230331 01:37:14.047"/>
</kw>
<kw name="Wait Until Page Contains" library="SeleniumLibrary">
<arg>ชื่อผู้ใช้นี้มีอยู่แล้ว</arg>
<doc>Waits until ``text`` appears on the current page.</doc>
<status status="PASS" starttime="20230331 01:37:14.048" endtime="20230331 01:37:14.063"/>
</kw>
<kw name="Sleep" library="BuiltIn">
<arg>2s</arg>
<doc>Pauses the test executed for the given time.</doc>
<msg timestamp="20230331 01:37:16.065" level="INFO">Slept 2 seconds</msg>
<status status="PASS" starttime="20230331 01:37:14.064" endtime="20230331 01:37:16.065"/>
</kw>
<doc>Username has been used</doc>
<tag>register</tag>
<status status="PASS" starttime="20230331 01:37:10.843" endtime="20230331 01:37:16.068"/>
</test>
<kw name="Close Browser" library="SeleniumLibrary" type="TEARDOWN">
<doc>Closes the current browser.</doc>
<status status="PASS" starttime="20230331 01:37:16.073" endtime="20230331 01:37:18.194"/>
</kw>
<status status="PASS" starttime="20230331 01:37:01.843" endtime="20230331 01:37:18.194"/>
</suite>
<statistics>
<total>
<stat pass="3" fail="0" skip="0">All Tests</stat>
</total>
<tag>
<stat pass="3" fail="0" skip="0">register</stat>
<stat pass="1" fail="0" skip="0">smoke</stat>
</tag>
<suite>
<stat pass="3" fail="0" skip="0" id="s1" name="Register">Register</stat>
</suite>
</statistics>
<errors>
</errors>
</robot>
