<?xml version="1.0" encoding="UTF-8"?>
<robot generator="Robot 6.0.2 (Python 3.9.13 on win32)" generated="20230330 21:25:05.836" rpa="false" schemaversion="3">
<suite id="s1" name="Register" source="C:\xampp\htdocs\shopdee\robotframework\register.robot">
<kw name="Open Browser" library="SeleniumLibrary" type="SETUP">
<arg>${URL}</arg>
<arg>${BROWSER}</arg>
<doc>Opens a new browser instance to the optional ``url``.</doc>
<msg timestamp="20230330 21:25:06.118" level="INFO">Opening browser 'chrome' to base url 'http://127.0.0.1:8000/admin/customer'.</msg>
<status status="PASS" starttime="20230330 21:25:06.117" endtime="20230330 21:25:08.388"/>
</kw>
<test id="s1-t1" name="Valid Register" line="13">
<kw name="Click Link" library="SeleniumLibrary">
<arg>id=btnCreate</arg>
<doc>Clicks a link identified by ``locator``.</doc>
<msg timestamp="20230330 21:25:08.391" level="INFO">Clicking link 'id=btnCreate'.</msg>
<status status="PASS" starttime="20230330 21:25:08.390" endtime="20230330 21:25:09.072"/>
</kw>
<kw name="Input Text" library="SeleniumLibrary">
<arg>id=firstName</arg>
<arg>วิชัย</arg>
<doc>Types the given ``text`` into the text field identified by ``locator``.</doc>
<msg timestamp="20230330 21:25:09.074" level="INFO">Typing text 'วิชัย' into text field 'id=firstName'.</msg>
<status status="PASS" starttime="20230330 21:25:09.073" endtime="20230330 21:25:09.158"/>
</kw>
<kw name="Input Text" library="SeleniumLibrary">
<arg>id=lastName</arg>
<arg>ใจซื่อ</arg>
<doc>Types the given ``text`` into the text field identified by ``locator``.</doc>
<msg timestamp="20230330 21:25:09.159" level="INFO">Typing text 'ใจซื่อ' into text field 'id=lastName'.</msg>
<status status="PASS" starttime="20230330 21:25:09.159" endtime="20230330 21:25:09.250"/>
</kw>
<kw name="Input Text" library="SeleniumLibrary">
<arg>id=username</arg>
<arg>wichai</arg>
<doc>Types the given ``text`` into the text field identified by ``locator``.</doc>
<msg timestamp="20230330 21:25:09.251" level="INFO">Typing text 'wichai' into text field 'id=username'.</msg>
<status status="PASS" starttime="20230330 21:25:09.250" endtime="20230330 21:25:09.336"/>
</kw>
<kw name="Input Text" library="SeleniumLibrary">
<arg>id=password</arg>
<arg>12345</arg>
<doc>Types the given ``text`` into the text field identified by ``locator``.</doc>
<msg timestamp="20230330 21:25:09.337" level="INFO">Typing text '12345' into text field 'id=password'.</msg>
<status status="PASS" starttime="20230330 21:25:09.336" endtime="20230330 21:25:09.416"/>
</kw>
<kw name="Click Button" library="SeleniumLibrary">
<arg>id=submit</arg>
<doc>Clicks the button identified by ``locator``.</doc>
<msg timestamp="20230330 21:25:09.417" level="INFO">Clicking button 'id=submit'.</msg>
<status status="PASS" starttime="20230330 21:25:09.416" endtime="20230330 21:25:10.354"/>
</kw>
<kw name="Wait Until Element Is Visible" library="SeleniumLibrary">
<arg>xpath=/html/body/div[2]/div/div[6]/button[1]</arg>
<doc>Waits until the element ``locator`` is visible.</doc>
<status status="PASS" starttime="20230330 21:25:10.354" endtime="20230330 21:25:10.381"/>
</kw>
<kw name="Click Button" library="SeleniumLibrary">
<arg>xpath=/html/body/div[2]/div/div[6]/button[1]</arg>
<doc>Clicks the button identified by ``locator``.</doc>
<msg timestamp="20230330 21:25:10.382" level="INFO">Clicking button 'xpath=/html/body/div[2]/div/div[6]/button[1]'.</msg>
<status status="PASS" starttime="20230330 21:25:10.381" endtime="20230330 21:25:10.436"/>
</kw>
<doc>All required fields are completed.</doc>
<tag>register</tag>
<tag>smoke</tag>
<status status="PASS" starttime="20230330 21:25:08.389" endtime="20230330 21:25:10.436"/>
</test>
<test id="s1-t2" name="Invalid Register with Some Blank Feilds" line="25">
<kw name="Sleep" library="BuiltIn">
<arg>2s</arg>
<doc>Pauses the test executed for the given time.</doc>
<msg timestamp="20230330 21:25:12.445" level="INFO">Slept 2 seconds</msg>
<status status="PASS" starttime="20230330 21:25:10.439" endtime="20230330 21:25:12.445"/>
</kw>
<kw name="Click Link" library="SeleniumLibrary">
<arg>id=btnCreate</arg>
<doc>Clicks a link identified by ``locator``.</doc>
<msg timestamp="20230330 21:25:12.446" level="INFO">Clicking link 'id=btnCreate'.</msg>
<status status="PASS" starttime="20230330 21:25:12.445" endtime="20230330 21:25:13.123"/>
</kw>
<kw name="Input Text" library="SeleniumLibrary">
<arg>id=firstName</arg>
<arg>${EMPTY}</arg>
<doc>Types the given ``text`` into the text field identified by ``locator``.</doc>
<msg timestamp="20230330 21:25:13.126" level="INFO">Typing text '' into text field 'id=firstName'.</msg>
<status status="PASS" starttime="20230330 21:25:13.124" endtime="20230330 21:25:13.200"/>
</kw>
<kw name="Input Text" library="SeleniumLibrary">
<arg>id=lastName</arg>
<arg>${EMPTY}</arg>
<doc>Types the given ``text`` into the text field identified by ``locator``.</doc>
<msg timestamp="20230330 21:25:13.201" level="INFO">Typing text '' into text field 'id=lastName'.</msg>
<status status="PASS" starttime="20230330 21:25:13.201" endtime="20230330 21:25:13.280"/>
</kw>
<kw name="Input Text" library="SeleniumLibrary">
<arg>id=username</arg>
<arg>${EMPTY}</arg>
<doc>Types the given ``text`` into the text field identified by ``locator``.</doc>
<msg timestamp="20230330 21:25:13.282" level="INFO">Typing text '' into text field 'id=username'.</msg>
<status status="PASS" starttime="20230330 21:25:13.281" endtime="20230330 21:25:13.359"/>
</kw>
<kw name="Input Text" library="SeleniumLibrary">
<arg>id=password</arg>
<arg>${EMPTY}</arg>
<doc>Types the given ``text`` into the text field identified by ``locator``.</doc>
<msg timestamp="20230330 21:25:13.361" level="INFO">Typing text '' into text field 'id=password'.</msg>
<status status="PASS" starttime="20230330 21:25:13.360" endtime="20230330 21:25:13.433"/>
</kw>
<kw name="Click Button" library="SeleniumLibrary">
<arg>id=submit</arg>
<doc>Clicks the button identified by ``locator``.</doc>
<msg timestamp="20230330 21:25:13.434" level="INFO">Clicking button 'id=submit'.</msg>
<status status="PASS" starttime="20230330 21:25:13.433" endtime="20230330 21:25:14.286"/>
</kw>
<kw name="Wait Until Element Is Visible" library="SeleniumLibrary">
<arg>xpath=/html/body/div[1]/div/div/form/div[1]/div</arg>
<doc>Waits until the element ``locator`` is visible.</doc>
<status status="PASS" starttime="20230330 21:25:14.287" endtime="20230330 21:25:14.317"/>
</kw>
<kw name="Wait Until Element Is Visible" library="SeleniumLibrary">
<arg>xpath=/html/body/div[1]/div/div/form/div[2]/div</arg>
<doc>Waits until the element ``locator`` is visible.</doc>
<status status="PASS" starttime="20230330 21:25:14.317" endtime="20230330 21:25:14.336"/>
</kw>
<kw name="Wait Until Element Is Visible" library="SeleniumLibrary">
<arg>xpath=/html/body/div[1]/div/div/form/div[3]/div</arg>
<doc>Waits until the element ``locator`` is visible.</doc>
<status status="PASS" starttime="20230330 21:25:14.337" endtime="20230330 21:25:14.358"/>
</kw>
<kw name="Wait Until Element Is Visible" library="SeleniumLibrary">
<arg>xpath=/html/body/div[1]/div/div/form/div[4]/div</arg>
<doc>Waits until the element ``locator`` is visible.</doc>
<status status="PASS" starttime="20230330 21:25:14.358" endtime="20230330 21:25:14.381"/>
</kw>
<doc>Some required fields are not completed.</doc>
<tag>register</tag>
<status status="PASS" starttime="20230330 21:25:10.438" endtime="20230330 21:25:14.382"/>
</test>
<kw name="Close Browser" library="SeleniumLibrary" type="TEARDOWN">
<doc>Closes the current browser.</doc>
<status status="PASS" starttime="20230330 21:25:14.383" endtime="20230330 21:25:17.661"/>
</kw>
<status status="PASS" starttime="20230330 21:25:05.838" endtime="20230330 21:25:17.662"/>
</suite>
<statistics>
<total>
<stat pass="2" fail="0" skip="0">All Tests</stat>
</total>
<tag>
<stat pass="2" fail="0" skip="0">register</stat>
<stat pass="1" fail="0" skip="0">smoke</stat>
</tag>
<suite>
<stat pass="2" fail="0" skip="0" id="s1" name="Register">Register</stat>
</suite>
</statistics>
<errors>
</errors>
</robot>
